{
  "RSpec": {
    "coverage": {
      "/Volumes/Data HD/Users/joeconnor/Documents/work/experiments/cart/app/controllers/application_controller.rb": [
        1,
        1,
        null
      ],
      "/Volumes/Data HD/Users/joeconnor/Documents/work/experiments/cart/app/helpers/application_helper.rb": [
        1,
        null
      ],
      "/Volumes/Data HD/Users/joeconnor/Documents/work/experiments/cart/app/models/checkout.rb": [
        1,
        null,
        1,
        null,
        1,
        0,
        0,
        null,
        null,
        1,
        0,
        null,
        null,
        1,
        null,
        null,
        null,
        null
      ],
      "/Volumes/Data HD/Users/joeconnor/Documents/work/experiments/cart/app/models/product.rb": [
        1,
        null,
        1,
        null,
        1,
        3,
        3,
        3,
        null,
        null,
        null
      ]
    },
    "timestamp": 1347826203
  }
}
